<?xml version="1.0" encoding="UTF-8"?>
<testsuite name="com.beerent.shopify_api.demo.DemoApplicationTests" tests="1" skipped="0" failures="0" errors="0" timestamp="2020-03-05T02:53:55" hostname="codebox.attlocal.net" time="0.284">
  <properties/>
  <testcase name="contextLoads()" classname="com.beerent.shopify_api.demo.DemoApplicationTests" time="0.284"/>
  <system-out><![CDATA[20:53:53.467 [Test worker] DEBUG org.springframework.test.context.BootstrapUtils - Instantiating CacheAwareContextLoaderDelegate from class [org.springframework.test.context.cache.DefaultCacheAwareContextLoaderDelegate]
20:53:53.480 [Test worker] DEBUG org.springframework.test.context.BootstrapUtils - Instantiating BootstrapContext using constructor [public org.springframework.test.context.support.DefaultBootstrapContext(java.lang.Class,org.springframework.test.context.CacheAwareContextLoaderDelegate)]
20:53:53.508 [Test worker] DEBUG org.springframework.test.context.BootstrapUtils - Instantiating TestContextBootstrapper for test class [com.beerent.shopify_api.demo.DemoApplicationTests] from class [org.springframework.boot.test.context.SpringBootTestContextBootstrapper]
20:53:53.528 [Test worker] INFO org.springframework.boot.test.context.SpringBootTestContextBootstrapper - Neither @ContextConfiguration nor @ContextHierarchy found for test class [com.beerent.shopify_api.demo.DemoApplicationTests], using SpringBootContextLoader
20:53:53.532 [Test worker] DEBUG org.springframework.test.context.support.AbstractContextLoader - Did not detect default resource location for test class [com.beerent.shopify_api.demo.DemoApplicationTests]: class path resource [com/beerent/shopify_api/demo/DemoApplicationTests-context.xml] does not exist
20:53:53.532 [Test worker] DEBUG org.springframework.test.context.support.AbstractContextLoader - Did not detect default resource location for test class [com.beerent.shopify_api.demo.DemoApplicationTests]: class path resource [com/beerent/shopify_api/demo/DemoApplicationTestsContext.groovy] does not exist
20:53:53.533 [Test worker] INFO org.springframework.test.context.support.AbstractContextLoader - Could not detect default resource locations for test class [com.beerent.shopify_api.demo.DemoApplicationTests]: no resource found for suffixes {-context.xml, Context.groovy}.
20:53:53.534 [Test worker] INFO org.springframework.test.context.support.AnnotationConfigContextLoaderUtils - Could not detect default configuration classes for test class [com.beerent.shopify_api.demo.DemoApplicationTests]: DemoApplicationTests does not declare any static, non-private, non-final, nested classes annotated with @Configuration.
20:53:53.578 [Test worker] DEBUG org.springframework.test.context.support.ActiveProfilesUtils - Could not find an 'annotation declaring class' for annotation type [org.springframework.test.context.ActiveProfiles] and class [com.beerent.shopify_api.demo.DemoApplicationTests]
20:53:53.639 [Test worker] DEBUG org.springframework.context.annotation.ClassPathScanningCandidateComponentProvider - Identified candidate component class: file [/Users/brentryczak/Documents/code/shopify/backend/build/classes/java/main/com/beerent/shopify_api/demo/DemoApplication.class]
20:53:53.641 [Test worker] INFO org.springframework.boot.test.context.SpringBootTestContextBootstrapper - Found @SpringBootConfiguration com.beerent.shopify_api.demo.DemoApplication for test class com.beerent.shopify_api.demo.DemoApplicationTests
20:53:53.734 [Test worker] DEBUG org.springframework.boot.test.context.SpringBootTestContextBootstrapper - @TestExecutionListeners is not present for class [com.beerent.shopify_api.demo.DemoApplicationTests]: using defaults.
20:53:53.735 [Test worker] INFO org.springframework.boot.test.context.SpringBootTestContextBootstrapper - Loaded default TestExecutionListener class names from location [META-INF/spring.factories]: [org.springframework.boot.test.autoconfigure.restdocs.RestDocsTestExecutionListener, org.springframework.boot.test.autoconfigure.web.client.MockRestServiceServerResetTestExecutionListener, org.springframework.boot.test.autoconfigure.web.servlet.MockMvcPrintOnlyOnFailureTestExecutionListener, org.springframework.boot.test.autoconfigure.web.servlet.WebDriverTestExecutionListener, org.springframework.boot.test.mock.mockito.MockitoTestExecutionListener, org.springframework.boot.test.mock.mockito.ResetMocksTestExecutionListener, org.springframework.test.context.web.ServletTestExecutionListener, org.springframework.test.context.support.DirtiesContextBeforeModesTestExecutionListener, org.springframework.test.context.support.DependencyInjectionTestExecutionListener, org.springframework.test.context.support.DirtiesContextTestExecutionListener, org.springframework.test.context.transaction.TransactionalTestExecutionListener, org.springframework.test.context.jdbc.SqlScriptsTestExecutionListener, org.springframework.test.context.event.EventPublishingTestExecutionListener]
20:53:53.748 [Test worker] DEBUG org.springframework.boot.test.context.SpringBootTestContextBootstrapper - Skipping candidate TestExecutionListener [org.springframework.test.context.transaction.TransactionalTestExecutionListener] due to a missing dependency. Specify custom listener classes or make the default listener classes and their required dependencies available. Offending class: [org/springframework/transaction/interceptor/TransactionAttributeSource]
20:53:53.748 [Test worker] DEBUG org.springframework.boot.test.context.SpringBootTestContextBootstrapper - Skipping candidate TestExecutionListener [org.springframework.test.context.jdbc.SqlScriptsTestExecutionListener] due to a missing dependency. Specify custom listener classes or make the default listener classes and their required dependencies available. Offending class: [org/springframework/transaction/interceptor/TransactionAttribute]
20:53:53.749 [Test worker] INFO org.springframework.boot.test.context.SpringBootTestContextBootstrapper - Using TestExecutionListeners: [org.springframework.test.context.web.ServletTestExecutionListener@52606192, org.springframework.test.context.support.DirtiesContextBeforeModesTestExecutionListener@7c582ecb, org.springframework.boot.test.mock.mockito.MockitoTestExecutionListener@1d63d20b, org.springframework.boot.test.autoconfigure.SpringBootDependencyInjectionTestExecutionListener@750cd49b, org.springframework.test.context.support.DirtiesContextTestExecutionListener@24315759, org.springframework.test.context.event.EventPublishingTestExecutionListener@19221b62, org.springframework.boot.test.autoconfigure.restdocs.RestDocsTestExecutionListener@1ad271c7, org.springframework.boot.test.autoconfigure.web.client.MockRestServiceServerResetTestExecutionListener@9e9c60a, org.springframework.boot.test.autoconfigure.web.servlet.MockMvcPrintOnlyOnFailureTestExecutionListener@274cd3f1, org.springframework.boot.test.autoconfigure.web.servlet.WebDriverTestExecutionListener@2e3c2571, org.springframework.boot.test.mock.mockito.ResetMocksTestExecutionListener@27692538]
20:53:53.752 [Test worker] DEBUG org.springframework.test.context.support.AbstractDirtiesContextTestExecutionListener - Before test class: context [DefaultTestContext@60ea70f2 testClass = DemoApplicationTests, testInstance = [null], testMethod = [null], testException = [null], mergedContextConfiguration = [WebMergedContextConfiguration@6a8bf073 testClass = DemoApplicationTests, locations = '{}', classes = '{class com.beerent.shopify_api.demo.DemoApplication}', contextInitializerClasses = '[]', activeProfiles = '{}', propertySourceLocations = '{}', propertySourceProperties = '{org.springframework.boot.test.context.SpringBootTestContextBootstrapper=true}', contextCustomizers = set[org.springframework.boot.test.autoconfigure.properties.PropertyMappingContextCustomizer@0, org.springframework.boot.test.autoconfigure.web.servlet.WebDriverContextCustomizerFactory$Customizer@6e33619a, org.springframework.boot.test.context.filter.ExcludeFilterContextCustomizer@66728221, org.springframework.boot.test.json.DuplicateJsonObjectContextCustomizerFactory$DuplicateJsonObjectContextCustomizer@64e2508, org.springframework.boot.test.mock.mockito.MockitoContextCustomizer@0, org.springframework.boot.test.web.client.TestRestTemplateContextCustomizer@1349905e], resourceBasePath = 'src/main/webapp', contextLoader = 'org.springframework.boot.test.context.SpringBootContextLoader', parent = [null]], attributes = map['org.springframework.test.context.web.ServletTestExecutionListener.activateListener' -> true]], class annotated with @DirtiesContext [false] with mode [null].
20:53:53.777 [Test worker] DEBUG org.springframework.test.context.support.TestPropertySourceUtils - Adding inlined properties to environment: {spring.jmx.enabled=false, org.springframework.boot.test.context.SpringBootTestContextBootstrapper=true, server.port=-1}

  .   ____          _            __ _ _
 /\\ / ___'_ __ _ _(_)_ __  __ _ \ \ \ \
( ( )\___ | '_ | '_| | '_ \/ _` | \ \ \ \
 \\/  ___)| |_)| | | | | || (_| |  ) ) ) )
  '  |____| .__|_| |_|_| |_\__, | / / / /
 =========|_|==============|___/=/_/_/_/
 :: Spring Boot ::        (v2.2.5.RELEASE)

2020-03-04 20:53:53.971  INFO 48600 --- [    Test worker] c.b.s.demo.DemoApplicationTests          : Starting DemoApplicationTests on codebox.attlocal.net with PID 48600 (started by brentryczak in /Users/brentryczak/Documents/code/shopify/backend)
2020-03-04 20:53:53.973  INFO 48600 --- [    Test worker] c.b.s.demo.DemoApplicationTests          : No active profile set, falling back to default profiles: default
2020-03-04 20:53:54.990  INFO 48600 --- [    Test worker] o.s.s.concurrent.ThreadPoolTaskExecutor  : Initializing ExecutorService 'applicationTaskExecutor'
2020-03-04 20:53:55.245  INFO 48600 --- [    Test worker] c.b.s.demo.DemoApplicationTests          : Started DemoApplicationTests in 1.457 seconds (JVM running for 2.516)
]]></system-out>
  <system-err><![CDATA[]]></system-err>
</testsuite>
